My PID = 32128: Child PID = 32132 has been stopped by a signal, signo = 19
My PID = 32129: Child PID = 32133 has been stopped by a signal, signo = 19
My PID = 32128: Child PID = 32130 has been stopped by a signal, signo = 19
My PID = 32129: Child PID = 32131 has been stopped by a signal, signo = 19
My PID = 32128: Child PID = 32129 has been stopped by a signal, signo = 19
My PID = 32127: Child PID = 32128 has been stopped by a signal, signo = 19


A(29720)----------B(29721)----------E(29723)
         |                 |--------F(29725)
         |--------C(29722)
         |--------D(29724)


E: pausing...
E: Exiting...
My PID = 32129: Child PID = 32131 terminated normally, exit status = 0
F: pausing...
F: Exiting...
My PID = 32129: Child PID = 32133 terminated normally, exit status = 0
B: pausing...
B: Exiting...
My PID = 32128: Child PID = 32129 terminated normally, exit status = 0
C: pausing...
C: Exiting...
My PID = 32128: Child PID = 32130 terminated normally, exit status = 0
D: pausing...
D: Exiting...
My PID = 32128: Child PID = 32132 terminated normally, exit status = 0
A: pausing...
A: Exiting...
My PID = 32127: Child PID = 32128 terminated normally, exit status = 0
