My PID = 24438: Child PID = 24440 has been stopped by a signal, signo = 19
		SIGSTOP irrelevant

This is the Shell. Welcome.

Shell> 		STOP		id:0
		NEXT		id:0
		SIGSTOP irrelevant
p
Shell: issuing request...
Shell: receiving request return value...
sid:	0 pid:	24440 schell
Shell> 	e prog
Shell: issuing request...
Shell: receiving request return value...
Shell> p
Shell: issuing request...
Shell: receiving request return value...
sid:	0 pid:	24440 schell
sid:	1 pid:	24466 prog
Shell> 		STOP		id:0
		NEXT		id:1
		SIGSTOP irrelevant
prog: Starting, NMSG = 50, delay = 42
prog[24466]: This is message 0
prog[24466]: This is message 1
	...
prog[24466]: This is message 13
prog[24466]: This is message 14
		STOP		id:1
		NEXT		id:0
		SIGSTOP irrelevant
e prog
Shell: issuing request...
Shell: receiving request return value...
Shell> p
Shell: issuing request...
Shell: receiving request return value...
sid:	0 pid:	24440 schell
sid:	1 pid:	24466 prog
sid:	2 pid:	24479 prog
Shell> p
Shell: issuing request...
Shell: receiving request return value...
sid:	0 pid:	24440 schell
sid:	1 pid:	24466 prog
sid:	2 pid:	24479 prog
Shell> 		STOP		id:0
		NEXT		id:1
		SIGSTOP irrelevant
prog[24466]: This is message 15
prog[24466]: This is message 16
	...
prog[24466]: This is message 28
prog[24466]: This is message 29
		STOP		id:1
		NEXT		id:2
		SIGSTOP irrelevant
prog: Starting, NMSG = 50, delay = 128
prog[24479]: This is message 0
prog[24479]: This is message 1
	...
prog[24479]: This is message 4
prog[24479]: This is message 5
		STOP		id:2
		NEXT		id:0
		SIGSTOP irrelevant
k 2
Shell: issuing request...
Shell: receiving request return value...
DIE DIE DIE!!!!! 2
Shell> p
Shell: issuing request...
Shell: receiving request return value...
sid:	0 pid:	24440 schell
sid:	1 pid:	24466 prog
sid:	2 pid:	24479 prog
Shell> 		DEAD		id:0
		NEXT		id:0
p
Shell: issuing request...
Shell: receiving request return value...
sid:	0 pid:	24440 schell
sid:	1 pid:	24466 prog
Shell> 		STOP		id:0
		NEXT		id:1
		SIGSTOP irrelevant
prog[24466]: This is message 30
prog[24466]: This is message 31
	....
prog[24466]: This is message 43
prog[24466]: This is message 44
		STOP		id:1
		NEXT		id:0
Shell> 		STOP		id:0
		NEXT		id:1
		SIGSTOP irrelevant
prog[24466]: This is message 45
prog[24466]: This is message 46
prog[24466]: This is message 47
prog[24466]: This is message 48
prog[24466]: This is message 49
		DEAD		id:1
		NEXT		id:0
p
Shell: issuing request...
Shell: receiving request return value...
sid:	0 pid:	24440 schell
Shell> 		STOP		id:0
		NEXT		id:0
		SIGSTOP irrelevant
		STOP		id:0
		NEXT		id:0
		SIGSTOP irrelevant
Shell> 		STOP		id:0
		NEXT		id:0
		SIGSTOP irrelevant
Shell> q
Shell: Exiting. Goodbye.
		DEAD		id:0
empty queue, exiting
