A(29720)----------B(29721)----------E(29723)
         |                 |--------F(29725)
         |--------C(29722)
         |--------D(29724)


D: Sleeping...
D: Exiting...
F: Sleeping...
F: Exiting...
C: Sleeping...
C: Exiting...
E: Sleeping...
E: Exiting...
My PID = 29720: Child PID = 29722 terminated normally, exit status = 0
My PID = 29721: Child PID = 29723 terminated normally, exit status = 0
My PID = 29720: Child PID = 29724 terminated normally, exit status = 0
My PID = 29721: Child PID = 29725 terminated normally, exit status = 0
B: Exiting...
My PID = 29720: Child PID = 29721 terminated normally, exit status = 0
A: Exiting...
My PID = 29719: Child PID = 29720 terminated normally, exit status = 0
